51
325
4
4
4
4
325
325
325
4
4
325
65
309
51
325
325
4
4
4
4
4
4
4
4
325
65
325
325
4
325
325
325
4
4
4
325
65
65
65
65
51
51
51
51
51
51
87
51
51
51
51
87
87
87
87
87
87
65
309
65
65
65
65
65
65
309
65
65
65
65
65
65
65
65
65
51
51
51
87
87
87
87
87
87
87
87
87
87
130
130
283
309
325
51
309
87
87
130
309
309
87
87
51
87
130
130
283
180
180
231
231
231
270
283
309
65
309
87
87
130
130
130
309
51
87
87
283
283
130
283
130
283
283
283
130
130
130
130
130
130
233
233
180
231
231
231
231
130
231
233
233
180
233
180
231
180
270
283
233
231
130
130
180
231
231
180
233
180
180
231
233
180
180
180
233
180
180
180
180
180
180
180
180
180
233
233
233
180
180
233
233
180
180
180
180
233
180
231
180
231
233
233
180
233
180
231
231
231
180
270
231
233
233
233
233
231
231
231
233
270
270
231
231
231
180
231
180
231
231
231
231
233
233
233
233
233
233
233
233
233
233
231
231
180
233
180
231
180
231
233
130
130
231
180
180
231
233
233
180
270
270
270
270
270
270
270
270
270
270
270
270
231
270
270
130
283
130
270
283
283
270
283
283
231
270
270
270
283
283
270
283
283
309
130
309
283
283
283
231
309
309
309
309
283
65
283
65
309
309
65
51
325
51
325
325
325
325
325
325
4
325
325
325
325
65
309
309
309
65
65
65
309
325
325
325
4
4
4
325
325
65
65
325
325
325
65
65
65
309
309
309
65
65
65
65
65
65
309
325
309
51
4
4
4
